frontend/android/app/build/intermediates/manifest_merge_blame_file/debug/processDebugMainManifest/manifest-merger-blame-debug-report.txt
1<?xml version="1.0" encoding="utf-8"?>
2<manifest xmlns:android="http://schemas.android.com/apk/res/android"
3    package="com.shohruz.chatme"
4    android:versionCode="1"
5    android:versionName="1.0" >
6
7    <uses-sdk
8        android:minSdkVersion="24"
9        android:targetSdkVersion="36" />
10
11    <!-- Permissions -->
12
13    <uses-permission android:name="android.permission.INTERNET" />
13-->src\main\AndroidManifest.xml:41:5-67
13-->src\main\AndroidManifest.xml:41:22-64
14    <uses-permission android:name="android.permission.ACCESS_NETWORK_STATE" />
14-->[:capacitor-network] AndroidManifest.xml:7:5-79
14-->[:capacitor-network] AndroidManifest.xml:7:22-76
15    <uses-permission android:name="android.permission.USE_CREDENTIALS" />
15-->[:codetrix-studio-capacitor-google-auth] AndroidManifest.xml:7:5-74
15-->[:codetrix-studio-capacitor-google-auth] AndroidManifest.xml:7:22-71
16    <uses-permission android:name="android.permission.POST_NOTIFICATIONS" />
16-->[com.google.firebase:firebase-messaging:25.0.1] AndroidManifest.xml:23:5-77
16-->[com.google.firebase:firebase-messaging:25.0.1] AndroidManifest.xml:23:22-74
17    <uses-permission android:name="android.permission.WAKE_LOCK" /> <!-- Required by older versions of Google Play services to create IID tokens -->
17-->[com.google.firebase:firebase-messaging:25.0.1] AndroidManifest.xml:24:5-68
17-->[com.google.firebase:firebase-messaging:25.0.1] AndroidManifest.xml:24:22-65
18    <uses-permission android:name="com.google.android.c2dm.permission.RECEIVE" />
18-->[com.google.firebase:firebase-messaging:25.0.1] AndroidManifest.xml:26:5-82
18-->[com.google.firebase:firebase-messaging:25.0.1] AndroidManifest.xml:26:22-79
19
20    <permission
20-->[androidx.core:core:1.17.0] AndroidManifest.xml:22:5-24:47
21        android:name="com.shohruz.chatme.DYNAMIC_RECEIVER_NOT_EXPORTED_PERMISSION"
21-->[androidx.core:core:1.17.0] AndroidManifest.xml:23:9-81
22        android:protectionLevel="signature" />
22-->[androidx.core:core:1.17.0] AndroidManifest.xml:24:9-44
23
24    <uses-permission android:name="com.shohruz.chatme.DYNAMIC_RECEIVER_NOT_EXPORTED_PERMISSION" />
24-->[androidx.core:core:1.17.0] AndroidManifest.xml:26:5-97
24-->[androidx.core:core:1.17.0] AndroidManifest.xml:26:22-94
25
26    <application
26-->src\main\AndroidManifest.xml:4:5-37:19
27        android:allowBackup="true"
27-->src\main\AndroidManifest.xml:5:9-35
28        android:appComponentFactory="androidx.core.app.CoreComponentFactory"
28-->[androidx.core:core:1.17.0] AndroidManifest.xml:28:18-86
29        android:debuggable="true"
30        android:extractNativeLibs="false"
31        android:icon="@mipmap/ic_launcher"
31-->src\main\AndroidManifest.xml:6:9-43
32        android:label="@string/app_name"
32-->src\main\AndroidManifest.xml:7:9-41
33        android:roundIcon="@mipmap/ic_launcher_round"
33-->src\main\AndroidManifest.xml:8:9-54
34        android:supportsRtl="true"
34-->src\main\AndroidManifest.xml:9:9-35
35        android:testOnly="true"
36        android:theme="@style/AppTheme"
36-->src\main\AndroidManifest.xml:10:9-40
37        android:usesCleartextTraffic="true" >
37-->src\main\AndroidManifest.xml:11:9-44
38        <activity
38-->src\main\AndroidManifest.xml:13:9-26:20
39            android:name="com.shohruz.chatme.MainActivity"
39-->src\main\AndroidManifest.xml:15:13-40
40            android:configChanges="orientation|keyboardHidden|keyboard|screenSize|locale|smallestScreenSize|screenLayout|uiMode|navigation|density"
40-->src\main\AndroidManifest.xml:14:13-148
41            android:exported="true"
41-->src\main\AndroidManifest.xml:19:13-36
42            android:label="@string/title_activity_main"
42-->src\main\AndroidManifest.xml:16:13-56
43            android:launchMode="singleTask"
43-->src\main\AndroidManifest.xml:18:13-44
44            android:theme="@style/AppTheme.NoActionBarLaunch" >
44-->src\main\AndroidManifest.xml:17:13-62
45            <intent-filter>
45-->src\main\AndroidManifest.xml:21:13-24:29
46                <action android:name="android.intent.action.MAIN" />
46-->src\main\AndroidManifest.xml:22:17-69
46-->src\main\AndroidManifest.xml:22:25-66
47
48                <category android:name="android.intent.category.LAUNCHER" />
48-->src\main\AndroidManifest.xml:23:17-77
48-->src\main\AndroidManifest.xml:23:27-74
49            </intent-filter>
50        </activity>
51
52        <provider
53            android:name="androidx.core.content.FileProvider"
53-->src\main\AndroidManifest.xml:29:13-62
54            android:authorities="com.shohruz.chatme.fileprovider"
54-->src\main\AndroidManifest.xml:30:13-64
55            android:exported="false"
55-->src\main\AndroidManifest.xml:31:13-37
56            android:grantUriPermissions="true" >
56-->src\main\AndroidManifest.xml:32:13-47
57            <meta-data
57-->src\main\AndroidManifest.xml:33:13-35:64
58                android:name="android.support.FILE_PROVIDER_PATHS"
58-->src\main\AndroidManifest.xml:34:17-67
59                android:resource="@xml/file_paths" />
59-->src\main\AndroidManifest.xml:35:17-51
60        </provider>
61
62        <service
62-->[:capacitor-push-notifications] AndroidManifest.xml:8:9-14:19
63            android:name="com.capacitorjs.plugins.pushnotifications.MessagingService"
63-->[:capacitor-push-notifications] AndroidManifest.xml:9:13-86
64            android:exported="false" >
64-->[:capacitor-push-notifications] AndroidManifest.xml:10:13-37
65            <intent-filter>
65-->[:capacitor-push-notifications] AndroidManifest.xml:11:13-13:29
66                <action android:name="com.google.firebase.MESSAGING_EVENT" />
66-->[:capacitor-push-notifications] AndroidManifest.xml:12:17-78
66-->[:capacitor-push-notifications] AndroidManifest.xml:12:25-75
67            </intent-filter>
68        </service>
69
70        <activity
70-->[com.google.android.gms:play-services-auth:18.1.0] AndroidManifest.xml:23:9-27:75
71            android:name="com.google.android.gms.auth.api.signin.internal.SignInHubActivity"
71-->[com.google.android.gms:play-services-auth:18.1.0] AndroidManifest.xml:24:13-93
72            android:excludeFromRecents="true"
72-->[com.google.android.gms:play-services-auth:18.1.0] AndroidManifest.xml:25:13-46
73            android:exported="false"
73-->[com.google.android.gms:play-services-auth:18.1.0] AndroidManifest.xml:26:13-37
74            android:theme="@android:style/Theme.Translucent.NoTitleBar" />
74-->[com.google.android.gms:play-services-auth:18.1.0] AndroidManifest.xml:27:13-72
75        <!--
76            Service handling Google Sign-In user revocation. For apps that do not integrate with
77            Google Sign-In, this service will never be started.
78        -->
79        <service
79-->[com.google.android.gms:play-services-auth:18.1.0] AndroidManifest.xml:33:9-37:51
80            android:name="com.google.android.gms.auth.api.signin.RevocationBoundService"
80-->[com.google.android.gms:play-services-auth:18.1.0] AndroidManifest.xml:34:13-89
81            android:exported="true"
81-->[com.google.android.gms:play-services-auth:18.1.0] AndroidManifest.xml:35:13-36
82            android:permission="com.google.android.gms.auth.api.signin.permission.REVOCATION_NOTIFICATION"
82-->[com.google.android.gms:play-services-auth:18.1.0] AndroidManifest.xml:36:13-107
83            android:visibleToInstantApps="true" />
83-->[com.google.android.gms:play-services-auth:18.1.0] AndroidManifest.xml:37:13-48
84
85        <receiver
85-->[com.google.firebase:firebase-messaging:25.0.1] AndroidManifest.xml:29:9-40:20
86            android:name="com.google.firebase.iid.FirebaseInstanceIdReceiver"
86-->[com.google.firebase:firebase-messaging:25.0.1] AndroidManifest.xml:30:13-78
87            android:exported="true"
87-->[com.google.firebase:firebase-messaging:25.0.1] AndroidManifest.xml:31:13-36
88            android:permission="com.google.android.c2dm.permission.SEND" >
88-->[com.google.firebase:firebase-messaging:25.0.1] AndroidManifest.xml:32:13-73
89            <intent-filter>
89-->[com.google.firebase:firebase-messaging:25.0.1] AndroidManifest.xml:33:13-35:29
90                <action android:name="com.google.android.c2dm.intent.RECEIVE" />
90-->[com.google.firebase:firebase-messaging:25.0.1] AndroidManifest.xml:34:17-81
90-->[com.google.firebase:firebase-messaging:25.0.1] AndroidManifest.xml:34:25-78
91            </intent-filter>
92
93            <meta-data
93-->[com.google.firebase:firebase-messaging:25.0.1] AndroidManifest.xml:37:13-39:40
94                android:name="com.google.android.gms.cloudmessaging.FINISHED_AFTER_HANDLED"
94-->[com.google.firebase:firebase-messaging:25.0.1] AndroidManifest.xml:38:17-92
95                android:value="true" />
95-->[com.google.firebase:firebase-messaging:25.0.1] AndroidManifest.xml:39:17-37
96        </receiver>
97        <!--
98             FirebaseMessagingService performs security checks at runtime,
99             but set to not exported to explicitly avoid allowing another app to call it.
100        -->
101        <service
101-->[com.google.firebase:firebase-messaging:25.0.1] AndroidManifest.xml:46:9-53:19
102            android:name="com.google.firebase.messaging.FirebaseMessagingService"
102-->[com.google.firebase:firebase-messaging:25.0.1] AndroidManifest.xml:47:13-82
103            android:directBootAware="true"
103-->[com.google.firebase:firebase-messaging:25.0.1] AndroidManifest.xml:48:13-43
104            android:exported="false" >
104-->[com.google.firebase:firebase-messaging:25.0.1] AndroidManifest.xml:49:13-37
105            <intent-filter android:priority="-500" >
105-->[:capacitor-push-notifications] AndroidManifest.xml:11:13-13:29
106                <action android:name="com.google.firebase.MESSAGING_EVENT" />
106-->[:capacitor-push-notifications] AndroidManifest.xml:12:17-78
106-->[:capacitor-push-notifications] AndroidManifest.xml:12:25-75
107            </intent-filter>
108        </service>
109        <service
109-->[com.google.firebase:firebase-messaging:25.0.1] AndroidManifest.xml:54:9-63:19
110            android:name="com.google.firebase.components.ComponentDiscoveryService"
110-->[com.google.firebase:firebase-messaging:25.0.1] AndroidManifest.xml:55:13-84
111            android:directBootAware="true"
111-->[com.google.firebase:firebase-common:22.0.1] AndroidManifest.xml:32:13-43
112            android:exported="false" >
112-->[com.google.firebase:firebase-messaging:25.0.1] AndroidManifest.xml:56:13-37
113            <meta-data
113-->[com.google.firebase:firebase-messaging:25.0.1] AndroidManifest.xml:57:13-59:85
114                android:name="com.google.firebase.components:com.google.firebase.messaging.FirebaseMessagingKtxRegistrar"
114-->[com.google.firebase:firebase-messaging:25.0.1] AndroidManifest.xml:58:17-122
115                android:value="com.google.firebase.components.ComponentRegistrar" />
115-->[com.google.firebase:firebase-messaging:25.0.1] AndroidManifest.xml:59:17-82
116            <meta-data
116-->[com.google.firebase:firebase-messaging:25.0.1] AndroidManifest.xml:60:13-62:85
117                android:name="com.google.firebase.components:com.google.firebase.messaging.FirebaseMessagingRegistrar"
117-->[com.google.firebase:firebase-messaging:25.0.1] AndroidManifest.xml:61:17-119
118                android:value="com.google.firebase.components.ComponentRegistrar" />
118-->[com.google.firebase:firebase-messaging:25.0.1] AndroidManifest.xml:62:17-82
119            <meta-data
119-->[com.google.firebase:firebase-installations:18.0.0] AndroidManifest.xml:15:13-17:85
120                android:name="com.google.firebase.components:com.google.firebase.installations.FirebaseInstallationsKtxRegistrar"
120-->[com.google.firebase:firebase-installations:18.0.0] AndroidManifest.xml:16:17-130
121                android:value="com.google.firebase.components.ComponentRegistrar" />
121-->[com.google.firebase:firebase-installations:18.0.0] AndroidManifest.xml:17:17-82
122            <meta-data
122-->[com.google.firebase:firebase-installations:18.0.0] AndroidManifest.xml:18:13-20:85
123                android:name="com.google.firebase.components:com.google.firebase.installations.FirebaseInstallationsRegistrar"
123-->[com.google.firebase:firebase-installations:18.0.0] AndroidManifest.xml:19:17-127
124                android:value="com.google.firebase.components.ComponentRegistrar" />
124-->[com.google.firebase:firebase-installations:18.0.0] AndroidManifest.xml:20:17-82
125            <meta-data
125-->[com.google.firebase:firebase-common:22.0.1] AndroidManifest.xml:35:13-37:85
126                android:name="com.google.firebase.components:com.google.firebase.FirebaseCommonKtxRegistrar"
126-->[com.google.firebase:firebase-common:22.0.1] AndroidManifest.xml:36:17-109
127                android:value="com.google.firebase.components.ComponentRegistrar" />
127-->[com.google.firebase:firebase-common:22.0.1] AndroidManifest.xml:37:17-82
128            <meta-data
128-->[com.google.firebase:firebase-datatransport:18.2.0] AndroidManifest.xml:25:13-27:85
129                android:name="com.google.firebase.components:com.google.firebase.datatransport.TransportRegistrar"
129-->[com.google.firebase:firebase-datatransport:18.2.0] AndroidManifest.xml:26:17-115
130                android:value="com.google.firebase.components.ComponentRegistrar" />
130-->[com.google.firebase:firebase-datatransport:18.2.0] AndroidManifest.xml:27:17-82
131        </service>
132
133        <activity
133-->[com.google.android.gms:play-services-base:18.1.0] AndroidManifest.xml:20:9-22:45
134            android:name="com.google.android.gms.common.api.GoogleApiActivity"
134-->[com.google.android.gms:play-services-base:18.1.0] AndroidManifest.xml:20:19-85
135            android:exported="false"
135-->[com.google.android.gms:play-services-base:18.1.0] AndroidManifest.xml:22:19-43
136            android:theme="@android:style/Theme.Translucent.NoTitleBar" />
136-->[com.google.android.gms:play-services-base:18.1.0] AndroidManifest.xml:21:19-78
137
138        <provider
138-->[com.google.firebase:firebase-common:22.0.1] AndroidManifest.xml:23:9-28:39
139            android:name="com.google.firebase.provider.FirebaseInitProvider"
139-->[com.google.firebase:firebase-common:22.0.1] AndroidManifest.xml:24:13-77
140            android:authorities="com.shohruz.chatme.firebaseinitprovider"
140-->[com.google.firebase:firebase-common:22.0.1] AndroidManifest.xml:25:13-72
141            android:directBootAware="true"
141-->[com.google.firebase:firebase-common:22.0.1] AndroidManifest.xml:26:13-43
142            android:exported="false"
142-->[com.google.firebase:firebase-common:22.0.1] AndroidManifest.xml:27:13-37
143            android:initOrder="100" />
143-->[com.google.firebase:firebase-common:22.0.1] AndroidManifest.xml:28:13-36
144        <provider
144-->[androidx.emoji2:emoji2:1.3.0] AndroidManifest.xml:24:9-32:20
145            android:name="androidx.startup.InitializationProvider"
145-->[androidx.emoji2:emoji2:1.3.0] AndroidManifest.xml:25:13-67
146            android:authorities="com.shohruz.chatme.androidx-startup"
146-->[androidx.emoji2:emoji2:1.3.0] AndroidManifest.xml:26:13-68
147            android:exported="false" >
147-->[androidx.emoji2:emoji2:1.3.0] AndroidManifest.xml:27:13-37
148            <meta-data
148-->[androidx.emoji2:emoji2:1.3.0] AndroidManifest.xml:29:13-31:52
149                android:name="androidx.emoji2.text.EmojiCompatInitializer"
149-->[androidx.emoji2:emoji2:1.3.0] AndroidManifest.xml:30:17-75
150                android:value="androidx.startup" />
150-->[androidx.emoji2:emoji2:1.3.0] AndroidManifest.xml:31:17-49
151            <meta-data
151-->[androidx.lifecycle:lifecycle-process:2.6.2] AndroidManifest.xml:29:13-31:52
152                android:name="androidx.lifecycle.ProcessLifecycleInitializer"
152-->[androidx.lifecycle:lifecycle-process:2.6.2] AndroidManifest.xml:30:17-78
153                android:value="androidx.startup" />
153-->[androidx.lifecycle:lifecycle-process:2.6.2] AndroidManifest.xml:31:17-49
154            <meta-data
154-->[androidx.profileinstaller:profileinstaller:1.4.0] AndroidManifest.xml:29:13-31:52
155                android:name="androidx.profileinstaller.ProfileInstallerInitializer"
155-->[androidx.profileinstaller:profileinstaller:1.4.0] AndroidManifest.xml:30:17-85
156                android:value="androidx.startup" />
156-->[androidx.profileinstaller:profileinstaller:1.4.0] AndroidManifest.xml:31:17-49
157        </provider>
158
159        <meta-data
159-->[com.google.android.gms:play-services-basement:18.3.0] AndroidManifest.xml:21:9-23:69
160            android:name="com.google.android.gms.version"
160-->[com.google.android.gms:play-services-basement:18.3.0] AndroidManifest.xml:22:13-58
161            android:value="@integer/google_play_services_version" />
161-->[com.google.android.gms:play-services-basement:18.3.0] AndroidManifest.xml:23:13-66
162
163        <receiver
163-->[androidx.profileinstaller:profileinstaller:1.4.0] AndroidManifest.xml:34:9-52:20
164            android:name="androidx.profileinstaller.ProfileInstallReceiver"
164-->[androidx.profileinstaller:profileinstaller:1.4.0] AndroidManifest.xml:35:13-76
165            android:directBootAware="false"
165-->[androidx.profileinstaller:profileinstaller:1.4.0] AndroidManifest.xml:36:13-44
166            android:enabled="true"
166-->[androidx.profileinstaller:profileinstaller:1.4.0] AndroidManifest.xml:37:13-35
167            android:exported="true"
167-->[androidx.profileinstaller:profileinstaller:1.4.0] AndroidManifest.xml:38:13-36
168            android:permission="android.permission.DUMP" >
168-->[androidx.profileinstaller:profileinstaller:1.4.0] AndroidManifest.xml:39:13-57
169            <intent-filter>
169-->[androidx.profileinstaller:profileinstaller:1.4.0] AndroidManifest.xml:40:13-42:29
170                <action android:name="androidx.profileinstaller.action.INSTALL_PROFILE" />
170-->[androidx.profileinstaller:profileinstaller:1.4.0] AndroidManifest.xml:41:17-91
170-->[androidx.profileinstaller:profileinstaller:1.4.0] AndroidManifest.xml:41:25-88
171            </intent-filter>
172            <intent-filter>
172-->[androidx.profileinstaller:profileinstaller:1.4.0] AndroidManifest.xml:43:13-45:29
173                <action android:name="androidx.profileinstaller.action.SKIP_FILE" />
173-->[androidx.profileinstaller:profileinstaller:1.4.0] AndroidManifest.xml:44:17-85
173-->[androidx.profileinstaller:profileinstaller:1.4.0] AndroidManifest.xml:44:25-82
174            </intent-filter>
175            <intent-filter>
175-->[androidx.profileinstaller:profileinstaller:1.4.0] AndroidManifest.xml:46:13-48:29
176                <action android:name="androidx.profileinstaller.action.SAVE_PROFILE" />
176-->[androidx.profileinstaller:profileinstaller:1.4.0] AndroidManifest.xml:47:17-88
176-->[androidx.profileinstaller:profileinstaller:1.4.0] AndroidManifest.xml:47:25-85
177            </intent-filter>
178            <intent-filter>
178-->[androidx.profileinstaller:profileinstaller:1.4.0] AndroidManifest.xml:49:13-51:29
179                <action android:name="androidx.profileinstaller.action.BENCHMARK_OPERATION" />
179-->[androidx.profileinstaller:profileinstaller:1.4.0] AndroidManifest.xml:50:17-95
179-->[androidx.profileinstaller:profileinstaller:1.4.0] AndroidManifest.xml:50:25-92
180            </intent-filter>
181        </receiver>
182
183        <service
183-->[com.google.android.datatransport:transport-backend-cct:3.1.9] AndroidManifest.xml:28:9-34:19
184            android:name="com.google.android.datatransport.runtime.backends.TransportBackendDiscovery"
184-->[com.google.android.datatransport:transport-backend-cct:3.1.9] AndroidManifest.xml:29:13-103
185            android:exported="false" >
185-->[com.google.android.datatransport:transport-backend-cct:3.1.9] AndroidManifest.xml:30:13-37
186            <meta-data
186-->[com.google.android.datatransport:transport-backend-cct:3.1.9] AndroidManifest.xml:31:13-33:39
187                android:name="backend:com.google.android.datatransport.cct.CctBackendFactory"
187-->[com.google.android.datatransport:transport-backend-cct:3.1.9] AndroidManifest.xml:32:17-94
188                android:value="cct" />
188-->[com.google.android.datatransport:transport-backend-cct:3.1.9] AndroidManifest.xml:33:17-36
189        </service>
190        <service
190-->[com.google.android.datatransport:transport-runtime:3.1.9] AndroidManifest.xml:26:9-30:19
191            android:name="com.google.android.datatransport.runtime.scheduling.jobscheduling.JobInfoSchedulerService"
191-->[com.google.android.datatransport:transport-runtime:3.1.9] AndroidManifest.xml:27:13-117
192            android:exported="false"
192-->[com.google.android.datatransport:transport-runtime:3.1.9] AndroidManifest.xml:28:13-37
193            android:permission="android.permission.BIND_JOB_SERVICE" >
193-->[com.google.android.datatransport:transport-runtime:3.1.9] AndroidManifest.xml:29:13-69
194        </service>
195
196        <receiver
196-->[com.google.android.datatransport:transport-runtime:3.1.9] AndroidManifest.xml:32:9-34:40
197            android:name="com.google.android.datatransport.runtime.scheduling.jobscheduling.AlarmManagerSchedulerBroadcastReceiver"
197-->[com.google.android.datatransport:transport-runtime:3.1.9] AndroidManifest.xml:33:13-132
198            android:exported="false" />
198-->[com.google.android.datatransport:transport-runtime:3.1.9] AndroidManifest.xml:34:13-37
199    </application>
200
201</manifest>